<?xml version="1.0" encoding="UTF-8"?>
<!-- Generated by org.testng.reporters.JUnitReportReporter -->
<testsuite hostname="EPINBANW02C7" failures="0" tests="34" name="TestAutomation.BDD.feature.TestCalculatorPage" time="2.020" errors="1" timestamp="2022-03-03T09:55:23 IST" skipped="0">
  <testcase classname="TestAutomation.BDD.feature.TestCalculatorPage" name="runScenario" time="0.053"/>
  <system-out/>
  <testcase classname="TestAutomation.BDD.feature.TestCalculatorPage" name="runScenario" time="0.058"/>
  <system-out/>
  <testcase classname="TestAutomation.BDD.feature.TestCalculatorPage" name="runScenario" time="0.052"/>
  <system-out/>
  <testcase classname="TestAutomation.BDD.feature.TestCalculatorPage" name="runScenario" time="0.018"/>
  <system-out/>
  <testcase classname="TestAutomation.BDD.feature.TestCalculatorPage" name="runScenario" time="0.153"/>
  <system-out/>
  <testcase classname="TestAutomation.BDD.feature.TestCalculatorPage" name="runScenario" time="0.052"/>
  <system-out/>
  <testcase classname="TestAutomation.BDD.feature.TestCalculatorPage" name="runScenario" time="0.065"/>
  <system-out/>
  <testcase classname="TestAutomation.BDD.feature.TestCalculatorPage" name="runScenario" time="0.055"/>
  <system-out/>
  <testcase classname="TestAutomation.BDD.feature.TestCalculatorPage" name="runScenario" time="0.044"/>
  <system-out/>
  <testcase classname="TestAutomation.BDD.feature.TestCalculatorPage" name="runScenario" time="0.040"/>
  <system-out/>
  <testcase classname="TestAutomation.BDD.feature.TestCalculatorPage" name="runScenario" time="0.062"/>
  <system-out/>
  <testcase classname="TestAutomation.BDD.feature.TestCalculatorPage" name="runScenario" time="0.055"/>
  <system-out/>
  <testcase classname="TestAutomation.BDD.feature.TestCalculatorPage" name="runScenario" time="0.045"/>
  <system-out/>
  <testcase classname="TestAutomation.BDD.feature.TestCalculatorPage" name="runScenario" time="0.052"/>
  <system-out/>
  <testcase classname="TestAutomation.BDD.feature.TestCalculatorPage" name="runScenario" time="0.061"/>
  <system-out/>
  <testcase classname="TestAutomation.BDD.feature.TestCalculatorPage" name="runScenario" time="0.066"/>
  <system-out/>
  <testcase classname="TestAutomation.BDD.feature.TestCalculatorPage" name="runScenario" time="0.046"/>
  <system-out/>
  <testcase classname="TestAutomation.BDD.feature.TestCalculatorPage" name="runScenario" time="0.069"/>
  <system-out/>
  <testcase classname="TestAutomation.BDD.feature.TestCalculatorPage" name="runScenario" time="0.070"/>
  <system-out/>
  <testcase classname="TestAutomation.BDD.feature.TestCalculatorPage" name="runScenario" time="0.069"/>
  <system-out/>
  <testcase classname="TestAutomation.BDD.feature.TestCalculatorPage" name="runScenario" time="0.044"/>
  <system-out/>
  <testcase classname="TestAutomation.BDD.feature.TestCalculatorPage" name="runScenario" time="0.064">
    <error message="The step &#039;Library has following book&#039; is undefined.
You can implement this step using the snippet(s) below:

@Given(&quot;Library has following book&quot;)
public void library_has_following_book(io.cucumber.datatable.DataTable dataTable) {
    // Write code here that turns the phrase above into concrete actions
    // For automatic transformation, change DataTable to one of
    // E, List&lt;E&gt;, List&lt;List&lt;E&gt;&gt;, List&lt;Map&lt;K,V&gt;&gt;, Map&lt;K,V&gt; or
    // Map&lt;K, List&lt;V&gt;&gt;. E,K,V must be a String, Integer, Float,
    // Double, Byte, Short, Long, BigInteger or BigDecimal.
    //
    // For other transformations you can register a DataTableType.
    throw new io.cucumber.java.PendingException();
}
" type="io.cucumber.testng.UndefinedStepException">
      <![CDATA[io.cucumber.testng.UndefinedStepException: The step 'Library has following book' is undefined.
You can implement this step using the snippet(s) below:

@Given("Library has following book")
public void library_has_following_book(io.cucumber.datatable.DataTable dataTable) {
    // Write code here that turns the phrase above into concrete actions
    // For automatic transformation, change DataTable to one of
    // E, List<E>, List<List<E>>, List<Map<K,V>>, Map<K,V> or
    // Map<K, List<V>>. E,K,V must be a String, Integer, Float,
    // Double, Byte, Short, Long, BigInteger or BigDecimal.
    //
    // For other transformations you can register a DataTableType.
    throw new io.cucumber.java.PendingException();
}

at io.cucumber.core.runtime.TestCaseResultObserver.assertTestCasePassed(TestCaseResultObserver.java:69)
at io.cucumber.testng.TestCaseResultObserver.assertTestCasePassed(TestCaseResultObserver.java:23)
at io.cucumber.testng.TestNGCucumberRunner.lambda$runScenario$1(TestNGCucumberRunner.java:133)
at io.cucumber.core.runtime.CucumberExecutionContext.lambda$runTestCase$3(CucumberExecutionContext.java:151)
at io.cucumber.core.runtime.RethrowingThrowableCollector.executeAndThrow(RethrowingThrowableCollector.java:23)
at io.cucumber.core.runtime.CucumberExecutionContext.runTestCase(CucumberExecutionContext.java:151)
at io.cucumber.testng.TestNGCucumberRunner.runScenario(TestNGCucumberRunner.java:129)
at io.cucumber.testng.AbstractTestNGCucumberTests.runScenario(AbstractTestNGCucumberTests.java:35)
at jdk.internal.reflect.GeneratedMethodAccessor1.invoke(Unknown Source)
at java.base/jdk.internal.reflect.DelegatingMethodAccessorImpl.invoke(DelegatingMethodAccessorImpl.java:43)
at java.base/java.lang.reflect.Method.invoke(Method.java:568)
at org.testng.internal.invokers.MethodInvocationHelper.invokeMethod(MethodInvocationHelper.java:135)
at org.testng.internal.invokers.TestInvoker.invokeMethod(TestInvoker.java:673)
at org.testng.internal.invokers.TestInvoker.invokeTestMethod(TestInvoker.java:220)
at org.testng.internal.invokers.MethodRunner.runInSequence(MethodRunner.java:50)
at org.testng.internal.invokers.TestInvoker$MethodInvocationAgent.invoke(TestInvoker.java:945)
at org.testng.internal.invokers.TestInvoker.invokeTestMethods(TestInvoker.java:193)
at org.testng.internal.invokers.TestMethodWorker.invokeTestMethods(TestMethodWorker.java:146)
at org.testng.internal.invokers.TestMethodWorker.run(TestMethodWorker.java:128)
at java.base/java.util.ArrayList.forEach(ArrayList.java:1511)
at org.testng.TestRunner.privateRun(TestRunner.java:808)
at org.testng.TestRunner.run(TestRunner.java:603)
at org.testng.SuiteRunner.runTest(SuiteRunner.java:429)
at org.testng.SuiteRunner.runSequentially(SuiteRunner.java:423)
at org.testng.SuiteRunner.privateRun(SuiteRunner.java:383)
at org.testng.SuiteRunner.run(SuiteRunner.java:326)
at org.testng.SuiteRunnerWorker.runSuite(SuiteRunnerWorker.java:52)
at org.testng.SuiteRunnerWorker.run(SuiteRunnerWorker.java:95)
at org.testng.TestNG.runSuitesSequentially(TestNG.java:1249)
at org.testng.TestNG.runSuitesLocally(TestNG.java:1169)
at org.testng.TestNG.runSuites(TestNG.java:1092)
at org.testng.TestNG.run(TestNG.java:1060)
at org.testng.remote.AbstractRemoteTestNG.run(AbstractRemoteTestNG.java:115)
at org.testng.remote.RemoteTestNG.initAndRun(RemoteTestNG.java:251)
at org.testng.remote.RemoteTestNG.main(RemoteTestNG.java:77)
]]>
    </error>
  </testcase> <!-- runScenario -->
  <system-out/>
  <testcase classname="TestAutomation.BDD.feature.TestCalculatorPage" name="runScenario" time="0.050"/>
  <system-out/>
  <testcase classname="TestAutomation.BDD.feature.TestCalculatorPage" name="runScenario" time="0.042"/>
  <system-out/>
  <testcase classname="TestAutomation.BDD.feature.TestCalculatorPage" name="runScenario" time="0.157"/>
  <system-out/>
  <testcase classname="TestAutomation.BDD.feature.TestCalculatorPage" name="runScenario" time="0.050"/>
  <system-out/>
  <testcase classname="TestAutomation.BDD.feature.TestCalculatorPage" name="runScenario" time="0.042"/>
  <system-out/>
  <testcase classname="TestAutomation.BDD.feature.TestCalculatorPage" name="runScenario" time="0.046"/>
  <system-out/>
  <testcase classname="TestAutomation.BDD.feature.TestCalculatorPage" name="runScenario" time="0.041"/>
  <system-out/>
  <testcase classname="TestAutomation.BDD.feature.TestCalculatorPage" name="runScenario" time="0.062"/>
  <system-out/>
  <testcase classname="TestAutomation.BDD.feature.TestCalculatorPage" name="runScenario" time="0.059"/>
  <system-out/>
  <testcase classname="TestAutomation.BDD.feature.TestCalculatorPage" name="runScenario" time="0.065"/>
  <system-out/>
  <testcase classname="TestAutomation.BDD.feature.TestCalculatorPage" name="runScenario" time="0.062"/>
  <system-out/>
  <testcase classname="TestAutomation.BDD.feature.TestCalculatorPage" name="runScenario" time="0.051"/>
  <system-out/>
</testsuite> <!-- TestAutomation.BDD.feature.TestCalculatorPage -->
